2020-08-09 20:35:07.893  INFO 2324 --- [restartedMain] c.c.m.MySpringsecurityPlusApplication    : Starting MySpringsecurityPlusApplication on LAPTOP-DG87IRPQ with PID 2324 (D:\各种代码\java\开源项目\my-springsecurity-plus\target\classes started by HY in D:\各种代码\java\开源项目\my-springsecurity-plus)
2020-08-09 20:35:07.900  INFO 2324 --- [restartedMain] c.c.m.MySpringsecurityPlusApplication    : The following profiles are active: dev
2020-08-09 20:35:08.003  INFO 2324 --- [restartedMain] .e.DevToolsPropertyDefaultsPostProcessor : Devtools property defaults active! Set 'spring.devtools.add-properties' to 'false' to disable
2020-08-09 20:35:08.003  INFO 2324 --- [restartedMain] .e.DevToolsPropertyDefaultsPostProcessor : For additional web related logging consider setting the 'logging.level.web' property to 'DEBUG'
2020-08-09 20:35:10.404  INFO 2324 --- [restartedMain] .s.d.r.c.RepositoryConfigurationDelegate : Multiple Spring Data modules found, entering strict repository configuration mode!
2020-08-09 20:35:10.409  INFO 2324 --- [restartedMain] .s.d.r.c.RepositoryConfigurationDelegate : Bootstrapping Spring Data Redis repositories in DEFAULT mode.
2020-08-09 20:35:10.473  INFO 2324 --- [restartedMain] .s.d.r.c.RepositoryConfigurationDelegate : Finished Spring Data repository scanning in 38ms. Found 0 Redis repository interfaces.
2020-08-09 20:35:11.484  INFO 2324 --- [restartedMain] trationDelegate$BeanPostProcessorChecker : Bean 'org.springframework.security.access.expression.method.DefaultMethodSecurityExpressionHandler@560f5089' of type [org.springframework.security.access.expression.method.DefaultMethodSecurityExpressionHandler] is not eligible for getting processed by all BeanPostProcessors (for example: not eligible for auto-proxying)
2020-08-09 20:35:11.510  INFO 2324 --- [restartedMain] trationDelegate$BeanPostProcessorChecker : Bean 'methodSecurityMetadataSource' of type [org.springframework.security.access.method.DelegatingMethodSecurityMetadataSource] is not eligible for getting processed by all BeanPostProcessors (for example: not eligible for auto-proxying)
2020-08-09 20:35:12.346  INFO 2324 --- [restartedMain] o.s.b.w.embedded.tomcat.TomcatWebServer  : Tomcat initialized with port(s): 8080 (http)
2020-08-09 20:35:12.367  INFO 2324 --- [restartedMain] o.apache.catalina.core.StandardService   : Starting service [Tomcat]
2020-08-09 20:35:12.367  INFO 2324 --- [restartedMain] org.apache.catalina.core.StandardEngine  : Starting Servlet engine: [Apache Tomcat/9.0.36]
2020-08-09 20:35:12.581  INFO 2324 --- [restartedMain] o.a.c.c.C.[Tomcat].[localhost].[/]       : Initializing Spring embedded WebApplicationContext
2020-08-09 20:35:12.581  INFO 2324 --- [restartedMain] w.s.c.ServletWebServerApplicationContext : Root WebApplicationContext: initialization completed in 4578 ms
2020-08-09 20:35:12.830  INFO 2324 --- [restartedMain] c.a.d.s.b.a.DruidDataSourceAutoConfigure : Init DruidDataSource
2020-08-09 20:35:14.263  INFO 2324 --- [restartedMain] com.alibaba.druid.pool.DruidDataSource   : {dataSource-1} inited
2020-08-09 20:35:15.835  INFO 2324 --- [restartedMain] pertySourcedRequestMappingHandlerMapping : Mapped URL path [/v2/api-docs] onto method [springfox.documentation.swagger2.web.Swagger2Controller#getDocumentation(String, HttpServletRequest)]
2020-08-09 20:35:16.140  INFO 2324 --- [restartedMain] o.s.s.web.DefaultSecurityFilterChain     : Creating filter chain: Ant [pattern='/swagger-resources/**', GET], []
2020-08-09 20:35:16.140  INFO 2324 --- [restartedMain] o.s.s.web.DefaultSecurityFilterChain     : Creating filter chain: Ant [pattern='/PearAdmin/**', GET], []
2020-08-09 20:35:16.140  INFO 2324 --- [restartedMain] o.s.s.web.DefaultSecurityFilterChain     : Creating filter chain: Ant [pattern='/**/*.html', GET], []
2020-08-09 20:35:16.140  INFO 2324 --- [restartedMain] o.s.s.web.DefaultSecurityFilterChain     : Creating filter chain: Ant [pattern='/**/*.css', GET], []
2020-08-09 20:35:16.140  INFO 2324 --- [restartedMain] o.s.s.web.DefaultSecurityFilterChain     : Creating filter chain: Ant [pattern='/**/*.js', GET], []
2020-08-09 20:35:16.144  INFO 2324 --- [restartedMain] o.s.s.web.DefaultSecurityFilterChain     : Creating filter chain: Ant [pattern='/swagger-ui.html', GET], []
2020-08-09 20:35:16.144  INFO 2324 --- [restartedMain] o.s.s.web.DefaultSecurityFilterChain     : Creating filter chain: Ant [pattern='/webjars/**', GET], []
2020-08-09 20:35:16.144  INFO 2324 --- [restartedMain] o.s.s.web.DefaultSecurityFilterChain     : Creating filter chain: Ant [pattern='/v2/**', GET], []
2020-08-09 20:35:16.257  INFO 2324 --- [restartedMain] o.s.s.web.DefaultSecurityFilterChain     : Creating filter chain: any request, [org.springframework.security.web.context.request.async.WebAsyncManagerIntegrationFilter@487fd52d, org.springframework.security.web.context.SecurityContextPersistenceFilter@5575b5a, org.springframework.security.web.header.HeaderWriterFilter@51c8a1c6, org.springframework.security.web.authentication.logout.LogoutFilter@512b5aeb, com.codermy.myspringsecurityplus.security.filter.VerifyCodeFilter@6c16c992, org.springframework.security.web.authentication.UsernamePasswordAuthenticationFilter@7c95ee0d, org.springframework.security.web.authentication.www.BasicAuthenticationFilter@229c62fc, org.springframework.security.web.savedrequest.RequestCacheAwareFilter@3e652edc, org.springframework.security.web.servletapi.SecurityContextHolderAwareRequestFilter@5625b058, org.springframework.security.web.authentication.rememberme.RememberMeAuthenticationFilter@358d1930, org.springframework.security.web.authentication.AnonymousAuthenticationFilter@6e71ccfb, org.springframework.security.web.session.SessionManagementFilter@56c3b84, org.springframework.security.web.access.ExceptionTranslationFilter@c1971ef, org.springframework.security.web.access.intercept.FilterSecurityInterceptor@7713975f]
2020-08-09 20:35:16.535  INFO 2324 --- [restartedMain] o.s.s.concurrent.ThreadPoolTaskExecutor  : Initializing ExecutorService 'applicationTaskExecutor'
2020-08-09 20:35:16.593  INFO 2324 --- [restartedMain] o.s.b.d.a.OptionalLiveReloadServer       : LiveReload server is running on port 35729
2020-08-09 20:35:16.661  INFO 2324 --- [restartedMain] o.s.b.a.w.s.WelcomePageHandlerMapping    : Adding welcome page template: index
2020-08-09 20:35:17.920  INFO 2324 --- [restartedMain] o.s.b.w.embedded.tomcat.TomcatWebServer  : Tomcat started on port(s): 8080 (http) with context path ''
2020-08-09 20:35:17.923  INFO 2324 --- [restartedMain] d.s.w.p.DocumentationPluginsBootstrapper : Context refreshed
2020-08-09 20:35:17.954  INFO 2324 --- [restartedMain] d.s.w.p.DocumentationPluginsBootstrapper : Found 1 custom documentation plugin(s)
2020-08-09 20:35:18.031  INFO 2324 --- [restartedMain] s.d.s.w.s.ApiListingReferenceScanner     : Scanning for api listing references
2020-08-09 20:35:18.102  INFO 2324 --- [http-nio-8080-exec-1] o.apache.tomcat.util.http.parser.Cookie  : A cookie header was received [1590467119,1590633471; Hm_lvt_b393d153aeb26b46e9431fabaf0f6190=1593225960,1593257459,1593263690,1593353033; Hm_lvt_d4f243693dbfd2a57c866295005663e3=1595746501,1595841163,1595901317,1595931258; JSESSIONID=916DF8AB16E6F9C1DA803FA8D9DFC2F4; remember-me=YWRtaW46MTU5ODE4NTg3MDEwMzpkYjRhODIyZGQ1YWIyYTY1MjUyNzgzZDQ0MzBhMTYwYw] that contained an invalid cookie. That cookie will be ignored.
 Note: further occurrences of this error will be logged at DEBUG level.
2020-08-09 20:35:18.120  INFO 2324 --- [http-nio-8080-exec-1] o.a.c.c.C.[Tomcat].[localhost].[/]       : Initializing Spring DispatcherServlet 'dispatcherServlet'
2020-08-09 20:35:18.120  INFO 2324 --- [http-nio-8080-exec-1] o.s.web.servlet.DispatcherServlet        : Initializing Servlet 'dispatcherServlet'
2020-08-09 20:35:18.147  INFO 2324 --- [http-nio-8080-exec-1] o.s.web.servlet.DispatcherServlet        : Completed initialization in 26 ms
2020-08-09 20:35:18.621  INFO 2324 --- [restartedMain] .d.s.w.r.o.CachingOperationNameGenerator : Generating unique operation named: indexUsingGET_1
2020-08-09 20:35:18.651  INFO 2324 --- [restartedMain] .d.s.w.r.o.CachingOperationNameGenerator : Generating unique operation named: indexUsingGET_2
2020-08-09 20:35:18.708  INFO 2324 --- [restartedMain] c.c.m.MySpringsecurityPlusApplication    : Started MySpringsecurityPlusApplication in 11.752 seconds (JVM running for 13.96)
